Note: aws_wafv2_web_acl_association.this not in state for module.alb (likely count=0), defaulting to null
Note: aws_lb_listener_certificate.this not in state for module.alb (likely count=0), defaulting to null
Note: aws_lb_target_group_attachment.this not in state for module.alb (likely count=0), defaulting to null
Note: aws_lambda_permission.this not in state for module.alb (likely count=0), defaulting to null
Note: aws_vpc_security_group_egress_rule.this not in state for module.alb (likely count=0), defaulting to null
Note: aws_vpc_security_group_ingress_rule.this not in state for module.alb (likely count=0), defaulting to null
Note: aws_route53_record.this not in state for module.alb (likely count=0), defaulting to null
Note: aws_instance.this not in state for module.ec2_private_app1 (likely count=0), defaulting to null
Note: aws_instance.ignore_ami not in state for module.ec2_private_app1 (likely count=0), defaulting to null
Note: aws_spot_instance_request.this not in state for module.ec2_private_app1 (likely count=0), defaulting to null
Note: aws_ebs_volume.this not in state for module.ec2_private_app1 (likely count=0), defaulting to null
Note: aws_volume_attachment.this not in state for module.ec2_private_app1 (likely count=0), defaulting to null
Note: aws_iam_role.this not in state for module.ec2_private_app1 (likely count=0), defaulting to null
Note: aws_iam_instance_profile.this not in state for module.ec2_private_app1 (likely count=0), defaulting to null
Note: aws_security_group.this not in state for module.ec2_private_app1 (likely count=0), defaulting to null
Note: aws_vpc_security_group_egress_rule.this not in state for module.ec2_private_app1 (likely count=0), defaulting to null
Note: aws_ec2_tag.spot_instance not in state for module.ec2_private_app1 (likely count=0), defaulting to null
Note: aws_iam_role_policy_attachment.this not in state for module.ec2_private_app1 (likely count=0), defaulting to null
Note: aws_vpc_security_group_ingress_rule.this not in state for module.ec2_private_app1 (likely count=0), defaulting to null
Note: aws_eip.this not in state for module.ec2_private_app1 (likely count=0), defaulting to null
Note: aws_iam_role.this not in state for module.ec2_private_app1 (likely count=0), defaulting to null
Note: aws_iam_role_policy_attachment.this not in state for module.ec2_private_app1 (likely count=0), defaulting to null
Note: aws_vpc_security_group_egress_rule.this not in state for module.ec2_private_app1 (likely count=0), defaulting to null
Note: aws_instance.this not in state for module.ec2_private_app1 (likely count=0), defaulting to null
Note: aws_instance.ignore_ami not in state for module.ec2_private_app1 (likely count=0), defaulting to null
Note: aws_spot_instance_request.this not in state for module.ec2_private_app1 (likely count=0), defaulting to null
Note: aws_ec2_tag.spot_instance not in state for module.ec2_private_app1 (likely count=0), defaulting to null
Note: aws_volume_attachment.this not in state for module.ec2_private_app1 (likely count=0), defaulting to null
Note: aws_iam_instance_profile.this not in state for module.ec2_private_app1 (likely count=0), defaulting to null
Note: aws_security_group.this not in state for module.ec2_private_app1 (likely count=0), defaulting to null
Note: aws_vpc_security_group_ingress_rule.this not in state for module.ec2_private_app1 (likely count=0), defaulting to null
Note: aws_eip.this not in state for module.ec2_private_app1 (likely count=0), defaulting to null
Note: aws_ebs_volume.this not in state for module.ec2_private_app1 (likely count=0), defaulting to null
Note: aws_iam_role.this not in state for module.ec2_private_app2 (likely count=0), defaulting to null
Note: aws_security_group.this not in state for module.ec2_private_app2 (likely count=0), defaulting to null
Note: aws_vpc_security_group_egress_rule.this not in state for module.ec2_private_app2 (likely count=0), defaulting to null
Note: aws_eip.this not in state for module.ec2_private_app2 (likely count=0), defaulting to null
Note: aws_spot_instance_request.this not in state for module.ec2_private_app2 (likely count=0), defaulting to null
Note: aws_ebs_volume.this not in state for module.ec2_private_app2 (likely count=0), defaulting to null
Note: aws_volume_attachment.this not in state for module.ec2_private_app2 (likely count=0), defaulting to null
Note: aws_iam_role_policy_attachment.this not in state for module.ec2_private_app2 (likely count=0), defaulting to null
Note: aws_iam_instance_profile.this not in state for module.ec2_private_app2 (likely count=0), defaulting to null
Note: aws_vpc_security_group_ingress_rule.this not in state for module.ec2_private_app2 (likely count=0), defaulting to null
Note: aws_instance.this not in state for module.ec2_private_app2 (likely count=0), defaulting to null
Note: aws_instance.ignore_ami not in state for module.ec2_private_app2 (likely count=0), defaulting to null
Note: aws_ec2_tag.spot_instance not in state for module.ec2_private_app2 (likely count=0), defaulting to null
Note: aws_volume_attachment.this not in state for module.ec2_private_app2 (likely count=0), defaulting to null
Note: aws_vpc_security_group_egress_rule.this not in state for module.ec2_private_app2 (likely count=0), defaulting to null
Note: aws_eip.this not in state for module.ec2_private_app2 (likely count=0), defaulting to null
Note: aws_instance.this not in state for module.ec2_private_app2 (likely count=0), defaulting to null
Note: aws_instance.ignore_ami not in state for module.ec2_private_app2 (likely count=0), defaulting to null
Note: aws_iam_role.this not in state for module.ec2_private_app2 (likely count=0), defaulting to null
Note: aws_iam_role_policy_attachment.this not in state for module.ec2_private_app2 (likely count=0), defaulting to null
Note: aws_iam_instance_profile.this not in state for module.ec2_private_app2 (likely count=0), defaulting to null
Note: aws_security_group.this not in state for module.ec2_private_app2 (likely count=0), defaulting to null
Note: aws_vpc_security_group_ingress_rule.this not in state for module.ec2_private_app2 (likely count=0), defaulting to null
Note: aws_spot_instance_request.this not in state for module.ec2_private_app2 (likely count=0), defaulting to null
Note: aws_ec2_tag.spot_instance not in state for module.ec2_private_app2 (likely count=0), defaulting to null
Note: aws_ebs_volume.this not in state for module.ec2_private_app2 (likely count=0), defaulting to null
Note: aws_ebs_volume.this not in state for module.ec2_private_app3 (likely count=0), defaulting to null
Note: aws_iam_instance_profile.this not in state for module.ec2_private_app3 (likely count=0), defaulting to null
Note: aws_vpc_security_group_ingress_rule.this not in state for module.ec2_private_app3 (likely count=0), defaulting to null
Note: aws_eip.this not in state for module.ec2_private_app3 (likely count=0), defaulting to null
Note: aws_ec2_tag.spot_instance not in state for module.ec2_private_app3 (likely count=0), defaulting to null
Note: aws_volume_attachment.this not in state for module.ec2_private_app3 (likely count=0), defaulting to null
Note: aws_iam_role.this not in state for module.ec2_private_app3 (likely count=0), defaulting to null
Note: aws_iam_role_policy_attachment.this not in state for module.ec2_private_app3 (likely count=0), defaulting to null
Note: aws_security_group.this not in state for module.ec2_private_app3 (likely count=0), defaulting to null
Note: aws_vpc_security_group_egress_rule.this not in state for module.ec2_private_app3 (likely count=0), defaulting to null
Note: aws_instance.this not in state for module.ec2_private_app3 (likely count=0), defaulting to null
Note: aws_instance.ignore_ami not in state for module.ec2_private_app3 (likely count=0), defaulting to null
Note: aws_spot_instance_request.this not in state for module.ec2_private_app3 (likely count=0), defaulting to null
Note: aws_spot_instance_request.this not in state for module.ec2_private_app3 (likely count=0), defaulting to null
Note: aws_ec2_tag.spot_instance not in state for module.ec2_private_app3 (likely count=0), defaulting to null
Note: aws_ebs_volume.this not in state for module.ec2_private_app3 (likely count=0), defaulting to null
Note: aws_iam_role.this not in state for module.ec2_private_app3 (likely count=0), defaulting to null
Note: aws_iam_role_policy_attachment.this not in state for module.ec2_private_app3 (likely count=0), defaulting to null
Note: aws_security_group.this not in state for module.ec2_private_app3 (likely count=0), defaulting to null
Note: aws_instance.this not in state for module.ec2_private_app3 (likely count=0), defaulting to null
Note: aws_instance.ignore_ami not in state for module.ec2_private_app3 (likely count=0), defaulting to null
Note: aws_volume_attachment.this not in state for module.ec2_private_app3 (likely count=0), defaulting to null
Note: aws_iam_instance_profile.this not in state for module.ec2_private_app3 (likely count=0), defaulting to null
Note: aws_vpc_security_group_egress_rule.this not in state for module.ec2_private_app3 (likely count=0), defaulting to null
Note: aws_vpc_security_group_ingress_rule.this not in state for module.ec2_private_app3 (likely count=0), defaulting to null
Note: aws_eip.this not in state for module.ec2_private_app3 (likely count=0), defaulting to null
Note: aws_spot_instance_request.this not in state for module.ec2_public (likely count=0), defaulting to null
Note: aws_iam_instance_profile.this not in state for module.ec2_public (likely count=0), defaulting to null
Note: aws_vpc_security_group_ingress_rule.this not in state for module.ec2_public (likely count=0), defaulting to null
Note: aws_eip.this not in state for module.ec2_public (likely count=0), defaulting to null
Note: aws_instance.ignore_ami not in state for module.ec2_public (likely count=0), defaulting to null
Note: aws_ec2_tag.spot_instance not in state for module.ec2_public (likely count=0), defaulting to null
Note: aws_ebs_volume.this not in state for module.ec2_public (likely count=0), defaulting to null
Note: aws_volume_attachment.this not in state for module.ec2_public (likely count=0), defaulting to null
Note: aws_iam_role.this not in state for module.ec2_public (likely count=0), defaulting to null
Note: aws_iam_role_policy_attachment.this not in state for module.ec2_public (likely count=0), defaulting to null
Note: aws_security_group.this not in state for module.loadbalancer_sg (likely count=0), defaulting to null
Note: aws_security_group_rule.computed_ingress_with_prefix_list_ids not in state for module.loadbalancer_sg (likely count=0), defaulting to null
Note: aws_security_group_rule.egress_with_self not in state for module.loadbalancer_sg (likely count=0), defaulting to null
Note: aws_security_group_rule.computed_egress_with_self not in state for module.loadbalancer_sg (likely count=0), defaulting to null
Note: aws_security_group_rule.egress_with_prefix_list_ids not in state for module.loadbalancer_sg (likely count=0), defaulting to null
Note: aws_security_group_rule.computed_ingress_rules not in state for module.loadbalancer_sg (likely count=0), defaulting to null
Note: aws_security_group_rule.ingress_with_source_security_group_id not in state for module.loadbalancer_sg (likely count=0), defaulting to null
Note: aws_security_group_rule.ingress_with_ipv6_cidr_blocks not in state for module.loadbalancer_sg (likely count=0), defaulting to null
Note: aws_security_group_rule.computed_ingress_with_ipv6_cidr_blocks not in state for module.loadbalancer_sg (likely count=0), defaulting to null
Note: aws_security_group_rule.computed_egress_rules not in state for module.loadbalancer_sg (likely count=0), defaulting to null
Note: aws_security_group_rule.computed_egress_with_source_security_group_id not in state for module.loadbalancer_sg (likely count=0), defaulting to null
Note: aws_security_group_rule.egress_with_cidr_blocks not in state for module.loadbalancer_sg (likely count=0), defaulting to null
Note: aws_security_group_rule.computed_egress_with_ipv6_cidr_blocks not in state for module.loadbalancer_sg (likely count=0), defaulting to null
Note: aws_security_group_rule.computed_egress_with_cidr_blocks not in state for module.loadbalancer_sg (likely count=0), defaulting to null
Note: aws_security_group_rule.egress_with_ipv6_cidr_blocks not in state for module.loadbalancer_sg (likely count=0), defaulting to null
Note: aws_security_group_rule.computed_egress_with_prefix_list_ids not in state for module.loadbalancer_sg (likely count=0), defaulting to null
Note: aws_security_group_rule.computed_ingress_with_source_security_group_id not in state for module.loadbalancer_sg (likely count=0), defaulting to null
Note: aws_security_group_rule.computed_ingress_with_cidr_blocks not in state for module.loadbalancer_sg (likely count=0), defaulting to null
Note: aws_security_group_rule.computed_ingress_with_self not in state for module.loadbalancer_sg (likely count=0), defaulting to null
Note: aws_security_group_rule.egress_with_source_security_group_id not in state for module.loadbalancer_sg (likely count=0), defaulting to null
Note: aws_security_group_rule.ingress_with_self not in state for module.loadbalancer_sg (likely count=0), defaulting to null
Note: aws_security_group_rule.ingress_with_prefix_list_ids not in state for module.loadbalancer_sg (likely count=0), defaulting to null
Note: aws_security_group.this not in state for module.private_sg (likely count=0), defaulting to null
Note: aws_security_group_rule.computed_egress_rules not in state for module.private_sg (likely count=0), defaulting to null
Note: aws_security_group_rule.egress_with_cidr_blocks not in state for module.private_sg (likely count=0), defaulting to null
Note: aws_security_group_rule.computed_egress_with_ipv6_cidr_blocks not in state for module.private_sg (likely count=0), defaulting to null
Note: aws_security_group_rule.computed_egress_with_prefix_list_ids not in state for module.private_sg (likely count=0), defaulting to null
Note: aws_security_group_rule.computed_ingress_with_source_security_group_id not in state for module.private_sg (likely count=0), defaulting to null
Note: aws_security_group_rule.computed_ingress_with_ipv6_cidr_blocks not in state for module.private_sg (likely count=0), defaulting to null
Note: aws_security_group_rule.computed_ingress_with_prefix_list_ids not in state for module.private_sg (likely count=0), defaulting to null
Note: aws_security_group_rule.egress_with_ipv6_cidr_blocks not in state for module.private_sg (likely count=0), defaulting to null
Note: aws_security_group_rule.egress_with_self not in state for module.private_sg (likely count=0), defaulting to null
Note: aws_security_group_rule.ingress_with_source_security_group_id not in state for module.private_sg (likely count=0), defaulting to null
Note: aws_security_group_rule.ingress_with_cidr_blocks not in state for module.private_sg (likely count=0), defaulting to null
Note: aws_security_group_rule.computed_ingress_with_cidr_blocks not in state for module.private_sg (likely count=0), defaulting to null
Note: aws_security_group_rule.ingress_with_self not in state for module.private_sg (likely count=0), defaulting to null
Note: aws_security_group_rule.computed_egress_with_self not in state for module.private_sg (likely count=0), defaulting to null
Note: aws_security_group_rule.computed_ingress_with_self not in state for module.private_sg (likely count=0), defaulting to null
Note: aws_security_group_rule.egress_with_source_security_group_id not in state for module.private_sg (likely count=0), defaulting to null
Note: aws_security_group_rule.computed_egress_with_source_security_group_id not in state for module.private_sg (likely count=0), defaulting to null
Note: aws_security_group_rule.computed_egress_with_cidr_blocks not in state for module.private_sg (likely count=0), defaulting to null
Note: aws_security_group_rule.egress_with_prefix_list_ids not in state for module.private_sg (likely count=0), defaulting to null
Note: aws_security_group_rule.computed_ingress_rules not in state for module.private_sg (likely count=0), defaulting to null
Note: aws_security_group_rule.ingress_with_ipv6_cidr_blocks not in state for module.private_sg (likely count=0), defaulting to null
Note: aws_security_group_rule.ingress_with_prefix_list_ids not in state for module.private_sg (likely count=0), defaulting to null
Note: aws_security_group.this not in state for module.public_bastion_sg (likely count=0), defaulting to null
Note: aws_security_group_rule.computed_ingress_rules not in state for module.public_bastion_sg (likely count=0), defaulting to null
Note: aws_security_group_rule.computed_ingress_with_source_security_group_id not in state for module.public_bastion_sg (likely count=0), defaulting to null
Note: aws_security_group_rule.computed_ingress_with_cidr_blocks not in state for module.public_bastion_sg (likely count=0), defaulting to null
Note: aws_security_group_rule.computed_ingress_with_ipv6_cidr_blocks not in state for module.public_bastion_sg (likely count=0), defaulting to null
Note: aws_security_group_rule.ingress_with_prefix_list_ids not in state for module.public_bastion_sg (likely count=0), defaulting to null
Note: aws_security_group_rule.egress_with_cidr_blocks not in state for module.public_bastion_sg (likely count=0), defaulting to null
Note: aws_security_group_rule.egress_with_prefix_list_ids not in state for module.public_bastion_sg (likely count=0), defaulting to null
Note: aws_security_group_rule.ingress_with_source_security_group_id not in state for module.public_bastion_sg (likely count=0), defaulting to null
Note: aws_security_group_rule.ingress_with_ipv6_cidr_blocks not in state for module.public_bastion_sg (likely count=0), defaulting to null
Note: aws_security_group_rule.computed_ingress_with_self not in state for module.public_bastion_sg (likely count=0), defaulting to null
Note: aws_security_group_rule.computed_egress_rules not in state for module.public_bastion_sg (likely count=0), defaulting to null
Note: aws_security_group_rule.computed_egress_with_source_security_group_id not in state for module.public_bastion_sg (likely count=0), defaulting to null
Note: aws_security_group_rule.egress_with_ipv6_cidr_blocks not in state for module.public_bastion_sg (likely count=0), defaulting to null
Note: aws_security_group_rule.ingress_with_cidr_blocks not in state for module.public_bastion_sg (likely count=0), defaulting to null
Note: aws_security_group_rule.computed_ingress_with_prefix_list_ids not in state for module.public_bastion_sg (likely count=0), defaulting to null
Note: aws_security_group_rule.egress_with_source_security_group_id not in state for module.public_bastion_sg (likely count=0), defaulting to null
Note: aws_security_group_rule.computed_egress_with_ipv6_cidr_blocks not in state for module.public_bastion_sg (likely count=0), defaulting to null
Note: aws_security_group_rule.computed_egress_with_self not in state for module.public_bastion_sg (likely count=0), defaulting to null
Note: aws_security_group_rule.ingress_with_self not in state for module.public_bastion_sg (likely count=0), defaulting to null
Note: aws_security_group_rule.computed_egress_with_cidr_blocks not in state for module.public_bastion_sg (likely count=0), defaulting to null
Note: aws_security_group_rule.egress_with_self not in state for module.public_bastion_sg (likely count=0), defaulting to null
Note: aws_security_group_rule.computed_egress_with_prefix_list_ids not in state for module.public_bastion_sg (likely count=0), defaulting to null
Note: aws_security_group.this not in state for module.rdsdb_sg (likely count=0), defaulting to null
Note: aws_security_group_rule.computed_egress_with_source_security_group_id not in state for module.rdsdb_sg (likely count=0), defaulting to null
Note: aws_security_group_rule.computed_egress_with_self not in state for module.rdsdb_sg (likely count=0), defaulting to null
Note: aws_security_group_rule.ingress_with_prefix_list_ids not in state for module.rdsdb_sg (likely count=0), defaulting to null
Note: aws_security_group_rule.computed_ingress_with_prefix_list_ids not in state for module.rdsdb_sg (likely count=0), defaulting to null
Note: aws_security_group_rule.ingress_with_source_security_group_id not in state for module.rdsdb_sg (likely count=0), defaulting to null
Note: aws_security_group_rule.computed_ingress_with_source_security_group_id not in state for module.rdsdb_sg (likely count=0), defaulting to null
Note: aws_security_group_rule.ingress_with_ipv6_cidr_blocks not in state for module.rdsdb_sg (likely count=0), defaulting to null
Note: aws_security_group_rule.computed_ingress_with_ipv6_cidr_blocks not in state for module.rdsdb_sg (likely count=0), defaulting to null
Note: aws_security_group_rule.computed_ingress_with_self not in state for module.rdsdb_sg (likely count=0), defaulting to null
Note: aws_security_group_rule.egress_with_cidr_blocks not in state for module.rdsdb_sg (likely count=0), defaulting to null
Note: aws_security_group_rule.ingress_rules not in state for module.rdsdb_sg (likely count=0), defaulting to null
Note: aws_security_group_rule.computed_egress_rules not in state for module.rdsdb_sg (likely count=0), defaulting to null
Note: aws_security_group_rule.egress_with_source_security_group_id not in state for module.rdsdb_sg (likely count=0), defaulting to null
Note: aws_security_group_rule.computed_egress_with_cidr_blocks not in state for module.rdsdb_sg (likely count=0), defaulting to null
Note: aws_security_group_rule.egress_with_ipv6_cidr_blocks not in state for module.rdsdb_sg (likely count=0), defaulting to null
Note: aws_security_group_rule.computed_egress_with_ipv6_cidr_blocks not in state for module.rdsdb_sg (likely count=0), defaulting to null
Note: aws_security_group_rule.egress_with_self not in state for module.rdsdb_sg (likely count=0), defaulting to null
Note: aws_security_group_rule.computed_egress_with_prefix_list_ids not in state for module.rdsdb_sg (likely count=0), defaulting to null
Note: aws_security_group_rule.computed_ingress_rules not in state for module.rdsdb_sg (likely count=0), defaulting to null
Note: aws_security_group_rule.computed_ingress_with_cidr_blocks not in state for module.rdsdb_sg (likely count=0), defaulting to null
Note: aws_security_group_rule.ingress_with_self not in state for module.rdsdb_sg (likely count=0), defaulting to null
Note: aws_security_group_rule.egress_with_prefix_list_ids not in state for module.rdsdb_sg (likely count=0), defaulting to null
Note: aws_network_acl.private not in state for module.vpc (likely count=0), defaulting to null
Note: aws_network_acl.database not in state for module.vpc (likely count=0), defaulting to null
Note: aws_network_acl.redshift not in state for module.vpc (likely count=0), defaulting to null
Note: aws_network_acl.elasticache not in state for module.vpc (likely count=0), defaulting to null
Note: aws_network_acl.intra not in state for module.vpc (likely count=0), defaulting to null
Note: aws_network_acl.outpost not in state for module.vpc (likely count=0), defaulting to null
Note: aws_network_acl.public not in state for module.vpc (likely count=0), defaulting to null
Note: aws_route_table.redshift not in state for module.vpc (likely count=0), defaulting to null
Note: aws_route_table.elasticache not in state for module.vpc (likely count=0), defaulting to null
Note: aws_route_table.intra not in state for module.vpc (likely count=0), defaulting to null
Note: aws_route_table_association.redshift not in state for module.vpc (likely count=0), defaulting to null
Note: aws_route_table_association.redshift_public not in state for module.vpc (likely count=0), defaulting to null
Note: aws_route_table_association.elasticache not in state for module.vpc (likely count=0), defaulting to null
Note: aws_route_table_association.intra not in state for module.vpc (likely count=0), defaulting to null
Note: aws_route_table_association.outpost not in state for module.vpc (likely count=0), defaulting to null
Note: aws_egress_only_internet_gateway.this not in state for module.vpc (likely count=0), defaulting to null
Note: aws_vpn_gateway.this not in state for module.vpc (likely count=0), defaulting to null
Note: aws_vpn_gateway_attachment.this not in state for module.vpc (likely count=0), defaulting to null
Note: aws_cloudwatch_log_group.flow_log not in state for module.vpc (likely count=0), defaulting to null
Note: aws_iam_policy.vpc_flow_log_cloudwatch not in state for module.vpc (likely count=0), defaulting to null
Note: aws_vpc_dhcp_options.this not in state for module.vpc (likely count=0), defaulting to null
Note: aws_route.private_ipv6_egress not in state for module.vpc (likely count=0), defaulting to null
Note: aws_route.private_dns64_nat_gateway not in state for module.vpc (likely count=0), defaulting to null
Note: aws_route.public_internet_gateway_ipv6 not in state for module.vpc (likely count=0), defaulting to null
Note: aws_route.database_internet_gateway not in state for module.vpc (likely count=0), defaulting to null
Note: aws_route.database_nat_gateway not in state for module.vpc (likely count=0), defaulting to null
Note: aws_route.database_dns64_nat_gateway not in state for module.vpc (likely count=0), defaulting to null
Note: aws_route.database_ipv6_egress not in state for module.vpc (likely count=0), defaulting to null
Note: aws_redshift_subnet_group.redshift not in state for module.vpc (likely count=0), defaulting to null
Note: aws_elasticache_subnet_group.elasticache not in state for module.vpc (likely count=0), defaulting to null
Note: aws_vpn_gateway_route_propagation.public not in state for module.vpc (likely count=0), defaulting to null
Note: aws_vpn_gateway_route_propagation.private not in state for module.vpc (likely count=0), defaulting to null
Note: aws_vpn_gateway_route_propagation.intra not in state for module.vpc (likely count=0), defaulting to null
Note: aws_default_vpc.this not in state for module.vpc (likely count=0), defaulting to null
Note: aws_iam_role.vpc_flow_log_cloudwatch not in state for module.vpc (likely count=0), defaulting to null
Note: aws_vpc_ipv4_cidr_block_association.this not in state for module.vpc (likely count=0), defaulting to null
Note: aws_customer_gateway.this not in state for module.vpc (likely count=0), defaulting to null
Note: aws_flow_log.this not in state for module.vpc (likely count=0), defaulting to null
Note: aws_vpc_dhcp_options_association.this not in state for module.vpc (likely count=0), defaulting to null
Note: aws_network_acl_rule.private_inbound not in state for module.vpc (likely count=0), defaulting to null
Note: aws_network_acl_rule.private_outbound not in state for module.vpc (likely count=0), defaulting to null
Note: aws_network_acl_rule.database_inbound not in state for module.vpc (likely count=0), defaulting to null
Note: aws_network_acl_rule.redshift_outbound not in state for module.vpc (likely count=0), defaulting to null
Note: aws_network_acl_rule.elasticache_outbound not in state for module.vpc (likely count=0), defaulting to null
Note: aws_network_acl_rule.intra_inbound not in state for module.vpc (likely count=0), defaulting to null
Note: aws_network_acl_rule.outpost_outbound not in state for module.vpc (likely count=0), defaulting to null
Note: aws_network_acl_rule.public_inbound not in state for module.vpc (likely count=0), defaulting to null
Note: aws_network_acl_rule.public_outbound not in state for module.vpc (likely count=0), defaulting to null
Note: aws_network_acl_rule.database_outbound not in state for module.vpc (likely count=0), defaulting to null
Note: aws_network_acl_rule.redshift_inbound not in state for module.vpc (likely count=0), defaulting to null
Note: aws_network_acl_rule.elasticache_inbound not in state for module.vpc (likely count=0), defaulting to null
Note: aws_network_acl_rule.intra_outbound not in state for module.vpc (likely count=0), defaulting to null
Note: aws_network_acl_rule.outpost_inbound not in state for module.vpc (likely count=0), defaulting to null
Note: aws_subnet.redshift not in state for module.vpc (likely count=0), defaulting to null
Note: aws_subnet.elasticache not in state for module.vpc (likely count=0), defaulting to null
Note: aws_subnet.intra not in state for module.vpc (likely count=0), defaulting to null
Note: aws_subnet.outpost not in state for module.vpc (likely count=0), defaulting to null
Note: aws_iam_role_policy_attachment.vpc_flow_log_cloudwatch not in state for module.vpc (likely count=0), defaulting to null
